<?xml version="1.0" encoding="UTF-8"?>
<!-- Generated by org.testng.reporters.JUnitReportReporter -->
<testsuite hostname="CARS16396" name="TestCases.MessagesTest" tests="3" failures="0" timestamp="20 Mar 2017 16:22:02 GMT" time="56.229" errors="0">
  <testcase name="testComposeMessage" time="17.007" classname="TestCases.MessagesTest"/>
  <testcase name="testScheduleMessages" time="21.646" classname="TestCases.MessagesTest"/>
  <testcase name="testReplyMessages" time="17.576" classname="TestCases.MessagesTest"/>
</testsuite> <!-- TestCases.MessagesTest -->
