<?xml version="1.0" encoding="UTF-8"?>
<!-- Generated by org.testng.reporters.JUnitReportReporter -->
<testsuite hostname="CARS16396" name="TestCases.MessagesTest" tests="3" failures="0" timestamp="18 Mar 2017 01:28:51 GMT" time="69.942" errors="0">
  <testcase name="testComposeMessage" time="18.725" classname="TestCases.MessagesTest"/>
  <testcase name="testReplyMessages" time="19.505" classname="TestCases.MessagesTest"/>
  <testcase name="testScheduleMessages" time="31.712" classname="TestCases.MessagesTest"/>
</testsuite> <!-- TestCases.MessagesTest -->
