<?xml version="1.0" encoding="UTF-8"?>
<!-- Generated by org.testng.reporters.JUnitReportReporter -->
<testsuite hostname="CARS16396" name="TestCases.LoginTest" tests="1" failures="0" timestamp="16 Mar 2017 21:11:19 GMT" time="8.441" errors="0">
  <testcase name="testLogin" time="8.441" classname="TestCases.LoginTest"/>
</testsuite> <!-- TestCases.LoginTest -->
